{"/Users/HenryDang/Documents/futureproof/week4/journaling/server/server.js": {"path":"/Users/HenryDang/Documents/futureproof/week4/journaling/server/server.js","statementMap":{"0":{"start":{"line":1,"column":16},"end":{"line":1,"column":34}},"1":{"start":{"line":2,"column":12},"end":{"line":2,"column":21}},"2":{"start":{"line":3,"column":19},"end":{"line":3,"column":41}},"3":{"start":{"line":4,"column":13},"end":{"line":4,"column":28}},"4":{"start":{"line":6,"column":0},"end":{"line":6,"column":16}},"5":{"start":{"line":7,"column":0},"end":{"line":7,"column":27}},"6":{"start":{"line":9,"column":22},"end":{"line":9,"column":63}},"7":{"start":{"line":10,"column":0},"end":{"line":10,"column":31}},"8":{"start":{"line":12,"column":0},"end":{"line":15,"column":3}},"9":{"start":{"line":13,"column":4},"end":{"line":13,"column":29}},"10":{"start":{"line":14,"column":4},"end":{"line":14,"column":20}},"11":{"start":{"line":17,"column":0},"end":{"line":19,"column":3}},"12":{"start":{"line":18,"column":4},"end":{"line":18,"column":40}},"13":{"start":{"line":21,"column":0},"end":{"line":21,"column":20}}},"fnMap":{"0":{"name":"(anonymous_0)","decl":{"start":{"line":12,"column":13},"end":{"line":12,"column":14}},"loc":{"start":{"line":12,"column":27},"end":{"line":15,"column":1}},"line":12},"1":{"name":"(anonymous_1)","decl":{"start":{"line":17,"column":14},"end":{"line":17,"column":15}},"loc":{"start":{"line":17,"column":28},"end":{"line":19,"column":1}},"line":17}},"branchMap":{},"s":{"0":1,"1":1,"2":1,"3":1,"4":1,"5":1,"6":1,"7":1,"8":1,"9":1,"10":1,"11":1,"12":1,"13":1},"f":{"0":1,"1":1},"b":{},"_coverageSchema":"1a1c01bbd47fc00a2c39e90264f33305004495a9","hash":"534e2f58adc03575da9f55459d2652e9bc718f76"}
,"/Users/HenryDang/Documents/futureproof/week4/journaling/server/controller/journalController.js": {"path":"/Users/HenryDang/Documents/futureproof/week4/journaling/server/controller/journalController.js","statementMap":{"0":{"start":{"line":1,"column":16},"end":{"line":1,"column":34}},"1":{"start":{"line":2,"column":15},"end":{"line":2,"column":31}},"2":{"start":{"line":4,"column":16},"end":{"line":4,"column":48}},"3":{"start":{"line":6,"column":0},"end":{"line":9,"column":3}},"4":{"start":{"line":7,"column":4},"end":{"line":7,"column":26}},"5":{"start":{"line":8,"column":4},"end":{"line":8,"column":20}},"6":{"start":{"line":11,"column":0},"end":{"line":21,"column":3}},"7":{"start":{"line":12,"column":4},"end":{"line":20,"column":5}},"8":{"start":{"line":13,"column":19},"end":{"line":13,"column":42}},"9":{"start":{"line":14,"column":29},"end":{"line":14,"column":49}},"10":{"start":{"line":15,"column":8},"end":{"line":15,"column":31}},"11":{"start":{"line":16,"column":8},"end":{"line":16,"column":24}},"12":{"start":{"line":18,"column":8},"end":{"line":18,"column":25}},"13":{"start":{"line":19,"column":8},"end":{"line":19,"column":34}},"14":{"start":{"line":23,"column":0},"end":{"line":33,"column":3}},"15":{"start":{"line":24,"column":4},"end":{"line":32,"column":5}},"16":{"start":{"line":25,"column":19},"end":{"line":25,"column":42}},"17":{"start":{"line":26,"column":29},"end":{"line":26,"column":49}},"18":{"start":{"line":27,"column":8},"end":{"line":27,"column":39}},"19":{"start":{"line":28,"column":8},"end":{"line":28,"column":24}},"20":{"start":{"line":30,"column":8},"end":{"line":30,"column":25}},"21":{"start":{"line":31,"column":8},"end":{"line":31,"column":34}},"22":{"start":{"line":35,"column":0},"end":{"line":45,"column":3}},"23":{"start":{"line":36,"column":4},"end":{"line":44,"column":5}},"24":{"start":{"line":37,"column":19},"end":{"line":37,"column":42}},"25":{"start":{"line":38,"column":29},"end":{"line":38,"column":49}},"26":{"start":{"line":39,"column":8},"end":{"line":39,"column":33}},"27":{"start":{"line":40,"column":8},"end":{"line":40,"column":24}},"28":{"start":{"line":42,"column":8},"end":{"line":42,"column":25}},"29":{"start":{"line":43,"column":8},"end":{"line":43,"column":34}},"30":{"start":{"line":47,"column":0},"end":{"line":51,"column":3}},"31":{"start":{"line":48,"column":17},"end":{"line":48,"column":25}},"32":{"start":{"line":49,"column":20},"end":{"line":49,"column":40}},"33":{"start":{"line":50,"column":4},"end":{"line":50,"column":34}},"34":{"start":{"line":53,"column":0},"end":{"line":58,"column":3}},"35":{"start":{"line":54,"column":15},"end":{"line":54,"column":23}},"36":{"start":{"line":55,"column":15},"end":{"line":55,"column":38}},"37":{"start":{"line":56,"column":28},"end":{"line":56,"column":59}},"38":{"start":{"line":57,"column":4},"end":{"line":57,"column":51}},"39":{"start":{"line":60,"column":0},"end":{"line":65,"column":3}},"40":{"start":{"line":61,"column":15},"end":{"line":61,"column":23}},"41":{"start":{"line":62,"column":15},"end":{"line":62,"column":38}},"42":{"start":{"line":63,"column":28},"end":{"line":63,"column":52}},"43":{"start":{"line":64,"column":4},"end":{"line":64,"column":41}},"44":{"start":{"line":67,"column":0},"end":{"line":67,"column":24}}},"fnMap":{"0":{"name":"(anonymous_0)","decl":{"start":{"line":6,"column":16},"end":{"line":6,"column":17}},"loc":{"start":{"line":6,"column":30},"end":{"line":9,"column":1}},"line":6},"1":{"name":"(anonymous_1)","decl":{"start":{"line":11,"column":19},"end":{"line":11,"column":20}},"loc":{"start":{"line":11,"column":33},"end":{"line":21,"column":1}},"line":11},"2":{"name":"(anonymous_2)","decl":{"start":{"line":23,"column":28},"end":{"line":23,"column":29}},"loc":{"start":{"line":23,"column":42},"end":{"line":33,"column":1}},"line":23},"3":{"name":"(anonymous_3)","decl":{"start":{"line":35,"column":27},"end":{"line":35,"column":28}},"loc":{"start":{"line":35,"column":41},"end":{"line":45,"column":1}},"line":35},"4":{"name":"(anonymous_4)","decl":{"start":{"line":47,"column":17},"end":{"line":47,"column":18}},"loc":{"start":{"line":47,"column":31},"end":{"line":51,"column":1}},"line":47},"5":{"name":"(anonymous_5)","decl":{"start":{"line":53,"column":29},"end":{"line":53,"column":30}},"loc":{"start":{"line":53,"column":43},"end":{"line":58,"column":1}},"line":53},"6":{"name":"(anonymous_6)","decl":{"start":{"line":60,"column":28},"end":{"line":60,"column":29}},"loc":{"start":{"line":60,"column":42},"end":{"line":65,"column":1}},"line":60}},"branchMap":{},"s":{"0":1,"1":1,"2":1,"3":1,"4":1,"5":1,"6":1,"7":3,"8":3,"9":3,"10":2,"11":2,"12":1,"13":1,"14":1,"15":2,"16":2,"17":2,"18":1,"19":1,"20":1,"21":1,"22":1,"23":0,"24":0,"25":0,"26":0,"27":0,"28":0,"29":0,"30":1,"31":1,"32":1,"33":1,"34":1,"35":1,"36":1,"37":1,"38":1,"39":1,"40":0,"41":0,"42":0,"43":0,"44":1},"f":{"0":1,"1":3,"2":2,"3":0,"4":1,"5":1,"6":0},"b":{},"_coverageSchema":"1a1c01bbd47fc00a2c39e90264f33305004495a9","hash":"2a98c3f638752c3a9d3dd9304fdd1f2447f0a5e8"}
,"/Users/HenryDang/Documents/futureproof/week4/journaling/server/data/data.js": {"path":"/Users/HenryDang/Documents/futureproof/week4/journaling/server/data/data.js","statementMap":{"0":{"start":{"line":1,"column":12},"end":{"line":108,"column":1}},"1":{"start":{"line":110,"column":0},"end":{"line":110,"column":23}}},"fnMap":{},"branchMap":{},"s":{"0":2,"1":2},"f":{},"b":{},"_coverageSchema":"1a1c01bbd47fc00a2c39e90264f33305004495a9","hash":"6c0092c698cedc9464db1eddede9e48edc6124e2"}
,"/Users/HenryDang/Documents/futureproof/week4/journaling/server/model/journalModel.js": {"path":"/Users/HenryDang/Documents/futureproof/week4/journaling/server/model/journalModel.js","statementMap":{"0":{"start":{"line":2,"column":20},"end":{"line":2,"column":43}},"1":{"start":{"line":7,"column":8},"end":{"line":7,"column":26}},"2":{"start":{"line":8,"column":8},"end":{"line":8,"column":32}},"3":{"start":{"line":9,"column":8},"end":{"line":9,"column":30}},"4":{"start":{"line":10,"column":8},"end":{"line":10,"column":32}},"5":{"start":{"line":11,"column":8},"end":{"line":11,"column":35}},"6":{"start":{"line":12,"column":8},"end":{"line":12,"column":35}},"7":{"start":{"line":13,"column":8},"end":{"line":13,"column":35}},"8":{"start":{"line":14,"column":8},"end":{"line":14,"column":37}},"9":{"start":{"line":19,"column":26},"end":{"line":19,"column":76}},"10":{"start":{"line":19,"column":54},"end":{"line":19,"column":75}},"11":{"start":{"line":21,"column":8},"end":{"line":21,"column":25}},"12":{"start":{"line":25,"column":8},"end":{"line":32,"column":9}},"13":{"start":{"line":26,"column":27},"end":{"line":26,"column":75}},"14":{"start":{"line":26,"column":56},"end":{"line":26,"column":74}},"15":{"start":{"line":27,"column":25},"end":{"line":27,"column":44}},"16":{"start":{"line":29,"column":12},"end":{"line":29,"column":23}},"17":{"start":{"line":31,"column":12},"end":{"line":31,"column":57}},"18":{"start":{"line":36,"column":26},"end":{"line":36,"column":48}},"19":{"start":{"line":37,"column":24},"end":{"line":37,"column":63}},"20":{"start":{"line":38,"column":8},"end":{"line":38,"column":34}},"21":{"start":{"line":39,"column":8},"end":{"line":39,"column":23}},"22":{"start":{"line":43,"column":23},"end":{"line":43,"column":71}},"23":{"start":{"line":43,"column":52},"end":{"line":43,"column":70}},"24":{"start":{"line":44,"column":21},"end":{"line":44,"column":40}},"25":{"start":{"line":45,"column":8},"end":{"line":45,"column":57}},"26":{"start":{"line":46,"column":8},"end":{"line":46,"column":33}},"27":{"start":{"line":47,"column":8},"end":{"line":47,"column":20}},"28":{"start":{"line":51,"column":23},"end":{"line":51,"column":71}},"29":{"start":{"line":51,"column":52},"end":{"line":51,"column":70}},"30":{"start":{"line":52,"column":21},"end":{"line":52,"column":40}},"31":{"start":{"line":53,"column":8},"end":{"line":53,"column":38}},"32":{"start":{"line":54,"column":8},"end":{"line":54,"column":33}},"33":{"start":{"line":55,"column":8},"end":{"line":55,"column":20}},"34":{"start":{"line":78,"column":0},"end":{"line":78,"column":25}}},"fnMap":{"0":{"name":"(anonymous_0)","decl":{"start":{"line":6,"column":4},"end":{"line":6,"column":5}},"loc":{"start":{"line":6,"column":22},"end":{"line":15,"column":5}},"line":6},"1":{"name":"(anonymous_1)","decl":{"start":{"line":18,"column":4},"end":{"line":18,"column":5}},"loc":{"start":{"line":18,"column":21},"end":{"line":22,"column":5}},"line":18},"2":{"name":"(anonymous_2)","decl":{"start":{"line":19,"column":42},"end":{"line":19,"column":43}},"loc":{"start":{"line":19,"column":54},"end":{"line":19,"column":75}},"line":19},"3":{"name":"(anonymous_3)","decl":{"start":{"line":24,"column":4},"end":{"line":24,"column":5}},"loc":{"start":{"line":24,"column":24},"end":{"line":33,"column":5}},"line":24},"4":{"name":"(anonymous_4)","decl":{"start":{"line":26,"column":44},"end":{"line":26,"column":45}},"loc":{"start":{"line":26,"column":56},"end":{"line":26,"column":74}},"line":26},"5":{"name":"(anonymous_5)","decl":{"start":{"line":35,"column":4},"end":{"line":35,"column":5}},"loc":{"start":{"line":35,"column":24},"end":{"line":40,"column":5}},"line":35},"6":{"name":"(anonymous_6)","decl":{"start":{"line":42,"column":4},"end":{"line":42,"column":5}},"loc":{"start":{"line":42,"column":35},"end":{"line":48,"column":5}},"line":42},"7":{"name":"(anonymous_7)","decl":{"start":{"line":43,"column":40},"end":{"line":43,"column":41}},"loc":{"start":{"line":43,"column":52},"end":{"line":43,"column":70}},"line":43},"8":{"name":"(anonymous_8)","decl":{"start":{"line":50,"column":4},"end":{"line":50,"column":5}},"loc":{"start":{"line":50,"column":28},"end":{"line":56,"column":5}},"line":50},"9":{"name":"(anonymous_9)","decl":{"start":{"line":51,"column":40},"end":{"line":51,"column":41}},"loc":{"start":{"line":51,"column":52},"end":{"line":51,"column":70}},"line":51}},"branchMap":{},"s":{"0":2,"1":20,"2":17,"3":17,"4":17,"5":17,"6":17,"7":17,"8":17,"9":2,"10":10,"11":2,"12":7,"13":7,"14":23,"15":7,"16":4,"17":3,"18":1,"19":1,"20":1,"21":1,"22":1,"23":3,"24":1,"25":1,"26":1,"27":1,"28":0,"29":0,"30":0,"31":0,"32":0,"33":0,"34":2},"f":{"0":20,"1":2,"2":10,"3":7,"4":23,"5":1,"6":1,"7":3,"8":0,"9":0},"b":{},"_coverageSchema":"1a1c01bbd47fc00a2c39e90264f33305004495a9","hash":"89c9fb60de164a859e33539a9788c8688b303d4c"}
}
