TN:
SF:server.js
FN:12,(anonymous_0)
FN:17,(anonymous_1)
FNF:2
FNH:2
FNDA:1,(anonymous_0)
FNDA:1,(anonymous_1)
DA:1,1
DA:2,1
DA:3,1
DA:4,1
DA:6,1
DA:7,1
DA:9,1
DA:10,1
DA:12,1
DA:13,1
DA:14,1
DA:17,1
DA:18,1
DA:21,1
LF:14
LH:14
BRF:0
BRH:0
end_of_record
TN:
SF:controller/journalController.js
FN:6,(anonymous_0)
FN:11,(anonymous_1)
FN:23,(anonymous_2)
FN:35,(anonymous_3)
FN:47,(anonymous_4)
FN:53,(anonymous_5)
FN:60,(anonymous_6)
FNF:7
FNH:5
FNDA:1,(anonymous_0)
FNDA:3,(anonymous_1)
FNDA:1,(anonymous_2)
FNDA:0,(anonymous_3)
FNDA:1,(anonymous_4)
FNDA:1,(anonymous_5)
FNDA:0,(anonymous_6)
DA:1,1
DA:2,1
DA:4,1
DA:6,1
DA:7,1
DA:8,1
DA:11,1
DA:12,3
DA:13,3
DA:14,3
DA:15,2
DA:16,2
DA:18,1
DA:19,1
DA:23,1
DA:24,1
DA:25,1
DA:26,1
DA:27,1
DA:28,1
DA:30,0
DA:31,0
DA:35,1
DA:36,0
DA:37,0
DA:38,0
DA:39,0
DA:40,0
DA:42,0
DA:43,0
DA:47,1
DA:48,1
DA:49,1
DA:50,1
DA:53,1
DA:54,1
DA:55,1
DA:56,1
DA:57,1
DA:60,1
DA:61,0
DA:62,0
DA:63,0
DA:64,0
DA:67,1
LF:45
LH:32
BRF:0
BRH:0
end_of_record
TN:
SF:data/data.js
FNF:0
FNH:0
DA:1,2
DA:110,2
LF:2
LH:2
BRF:0
BRH:0
end_of_record
TN:
SF:model/journalModel.js
FN:6,(anonymous_0)
FN:18,(anonymous_1)
FN:19,(anonymous_2)
FN:24,(anonymous_3)
FN:26,(anonymous_4)
FN:35,(anonymous_5)
FN:42,(anonymous_6)
FN:43,(anonymous_7)
FN:50,(anonymous_8)
FN:51,(anonymous_9)
FNF:10
FNH:8
FNDA:19,(anonymous_0)
FNDA:2,(anonymous_1)
FNDA:10,(anonymous_2)
FNDA:6,(anonymous_3)
FNDA:17,(anonymous_4)
FNDA:1,(anonymous_5)
FNDA:1,(anonymous_6)
FNDA:3,(anonymous_7)
FNDA:0,(anonymous_8)
FNDA:0,(anonymous_9)
DA:2,2
DA:7,19
DA:8,17
DA:9,17
DA:10,17
DA:11,17
DA:12,17
DA:13,17
DA:14,17
DA:19,10
DA:21,2
DA:25,6
DA:26,17
DA:27,6
DA:29,4
DA:31,2
DA:36,1
DA:37,1
DA:38,1
DA:39,1
DA:43,3
DA:44,1
DA:45,1
DA:46,1
DA:47,1
DA:51,0
DA:52,0
DA:53,0
DA:54,0
DA:55,0
DA:78,2
LF:31
LH:26
BRF:0
BRH:0
end_of_record
